# JRE version: OpenJDK Runtime Environment Temurin-21.0.5+11 (21.0.5+11) (build 21.0.5+11-LTS)
# Java VM: OpenJDK 64-Bit Server VM Temurin-21.0.5+11 (21.0.5+11-LTS, mixed mode, emulated-client, sharing, tiered, compressed oops, compressed class ptrs, g1 gc, windows-amd64)
GC Precious Log:
 CardTable entry size: 512
 Card Set container configuration: InlinePtr #cards 5 size 8 Array Of Cards #cards 12 size 40 Howl #buckets 4 coarsen threshold 1843 Howl Bitmap #cards 512 size 80 coarsen threshold 460 Card regions per heap region 1 cards per card region 2048
 CPUs: 4 total, 4 available
 Memory: 6086M
 Large Page Support: Disabled
 NUMA Support: Disabled
 Compressed Oops: Enabled (32-bit)
 Heap Region Size: 1M
 Heap Min Capacity: 8M
 Heap Initial Capacity: 96M
 Heap Max Capacity: 1G
 Pre-touch: Disabled
 Parallel Workers: 4
 Concurrent Workers: 1
 Concurrent Refinement Workers: 4
 Periodic GC: Disabled
Heap:
 garbage-first heap   total 104448K, used 51335K [0x00000000c0000000, 0x0000000100000000)
  region size 1024K, 1 young (1024K), 0 survivors (0K)
 Metaspace       used 56450K, committed 57664K, reserved 1114112K
  class space    used 6989K, committed 7488K, reserved 1048576K
GC Heap History (20 events):
Event: 1295.847 GC heap after
{Heap after GC invocations=126 (full 107):
 garbage-first heap   total 104448K, used 51335K [0x00000000c0000000, 0x0000000100000000)
  region size 1024K, 0 young (0K), 0 survivors (0K)
 Metaspace       used 56450K, committed 57664K, reserved 1114112K
  class space    used 6989K, committed 7488K, reserved 1048576K
}
Event: 1306.212 GC heap before
{Heap before GC invocations=126 (full 107):
 garbage-first heap   total 104448K, used 51335K [0x00000000c0000000, 0x0000000100000000)
  region size 1024K, 1 young (1024K), 0 survivors (0K)
 Metaspace       used 56450K, committed 57664K, reserved 1114112K
  class space    used 6989K, committed 7488K, reserved 1048576K
}
Event: 1306.307 GC heap after
{Heap after GC invocations=127 (full 108):
 garbage-first heap   total 104448K, used 51335K [0x00000000c0000000, 0x0000000100000000)
  region size 1024K, 0 young (0K), 0 survivors (0K)
 Metaspace       used 56450K, committed 57664K, reserved 1114112K
  class space    used 6989K, committed 7488K, reserved 1048576K
}
Event: 1316.624 GC heap before
{Heap before GC invocations=127 (full 108):
 garbage-first heap   total 104448K, used 51335K [0x00000000c0000000, 0x0000000100000000)
  region size 1024K, 1 young (1024K), 0 survivors (0K)
 Metaspace       used 56450K, committed 57664K, reserved 1114112K
  class space    used 6989K, committed 7488K, reserved 1048576K
}
Event: 1316.713 GC heap after
{Heap after GC invocations=128 (full 109):
 garbage-first heap   total 104448K, used 51335K [0x00000000c0000000, 0x0000000100000000)
  region size 1024K, 0 young (0K), 0 survivors (0K)
 Metaspace       used 56450K, committed 57664K, reserved 1114112K
  class space    used 6989K, committed 7488K, reserved 1048576K
}
Event: 1327.071 GC heap before
{Heap before GC invocations=128 (full 109):
 garbage-first heap   total 104448K, used 51335K [0x00000000c0000000, 0x0000000100000000)
  region size 1024K, 1 young (1024K), 0 survivors (0K)
 Metaspace       used 56450K, committed 57664K, reserved 1114112K
  class space    used 6989K, committed 7488K, reserved 1048576K
}
Event: 1327.125 GC heap after
{Heap after GC invocations=129 (full 110):
 garbage-first heap   total 104448K, used 51335K [0x00000000c0000000, 0x0000000100000000)
  region size 1024K, 0 young (0K), 0 survivors (0K)
 Metaspace       used 56450K, committed 57664K, reserved 1114112K
  class space    used 6989K, committed 7488K, reserved 1048576K
}
Event: 1337.300 GC heap before
{Heap before GC invocations=129 (full 110):
 garbage-first heap   total 104448K, used 51335K [0x00000000c0000000, 0x0000000100000000)
  region size 1024K, 1 young (1024K), 0 survivors (0K)
 Metaspace       used 56450K, committed 57664K, reserved 1114112K
  class space    used 6989K, committed 7488K, reserved 1048576K
}
Event: 1337.352 GC heap after
{Heap after GC invocations=130 (full 111):
 garbage-first heap   total 104448K, used 51335K [0x00000000c0000000, 0x0000000100000000)
  region size 1024K, 0 young (0K), 0 survivors (0K)
 Metaspace       used 56450K, committed 57664K, reserved 1114112K
  class space    used 6989K, committed 7488K, reserved 1048576K
}
Event: 1347.562 GC heap before
{Heap before GC invocations=130 (full 111):
 garbage-first heap   total 104448K, used 51335K [0x00000000c0000000, 0x0000000100000000)
  region size 1024K, 1 young (1024K), 0 survivors (0K)
 Metaspace       used 56450K, committed 57664K, reserved 1114112K
  class space    used 6989K, committed 7488K, reserved 1048576K
}
Event: 1347.632 GC heap after
{Heap after GC invocations=131 (full 112):
 garbage-first heap   total 104448K, used 51335K [0x00000000c0000000, 0x0000000100000000)
  region size 1024K, 0 young (0K), 0 survivors (0K)
 Metaspace       used 56450K, committed 57664K, reserved 1114112K
  class space    used 6989K, committed 7488K, reserved 1048576K
}
Event: 1357.881 GC heap before
{Heap before GC invocations=131 (full 112):
 garbage-first heap   total 104448K, used 51335K [0x00000000c0000000, 0x0000000100000000)
  region size 1024K, 1 young (1024K), 0 survivors (0K)
 Metaspace       used 56450K, committed 57664K, reserved 1114112K
  class space    used 6989K, committed 7488K, reserved 1048576K
}
Event: 1357.939 GC heap after
{Heap after GC invocations=132 (full 113):
 garbage-first heap   total 104448K, used 51335K [0x00000000c0000000, 0x0000000100000000)
  region size 1024K, 0 young (0K), 0 survivors (0K)
 Metaspace       used 56450K, committed 57664K, reserved 1114112K
  class space    used 6989K, committed 7488K, reserved 1048576K
}
Event: 1368.392 GC heap before
{Heap before GC invocations=132 (full 113):
 garbage-first heap   total 104448K, used 51335K [0x00000000c0000000, 0x0000000100000000)
  region size 1024K, 1 young (1024K), 0 survivors (0K)
 Metaspace       used 56450K, committed 57664K, reserved 1114112K
  class space    used 6989K, committed 7488K, reserved 1048576K
}
Event: 1368.473 GC heap after
{Heap after GC invocations=133 (full 114):
 garbage-first heap   total 104448K, used 51335K [0x00000000c0000000, 0x0000000100000000)
  region size 1024K, 0 young (0K), 0 survivors (0K)
 Metaspace       used 56450K, committed 57664K, reserved 1114112K
  class space    used 6989K, committed 7488K, reserved 1048576K
}
Event: 1379.655 GC heap before
{Heap before GC invocations=133 (full 114):
 garbage-first heap   total 104448K, used 51335K [0x00000000c0000000, 0x0000000100000000)
  region size 1024K, 1 young (1024K), 0 survivors (0K)
 Metaspace       used 56450K, committed 57664K, reserved 1114112K
  class space    used 6989K, committed 7488K, reserved 1048576K
}
Event: 1379.735 GC heap after
{Heap after GC invocations=134 (full 115):
 garbage-first heap   total 104448K, used 51335K [0x00000000c0000000, 0x0000000100000000)
  region size 1024K, 0 young (0K), 0 survivors (0K)
 Metaspace       used 56450K, committed 57664K, reserved 1114112K
  class space    used 6989K, committed 7488K, reserved 1048576K
}
Event: 1390.459 GC heap before
{Heap before GC invocations=134 (full 115):
 garbage-first heap   total 104448K, used 51335K [0x00000000c0000000, 0x0000000100000000)
  region size 1024K, 1 young (1024K), 0 survivors (0K)
 Metaspace       used 56450K, committed 57664K, reserved 1114112K
  class space    used 6989K, committed 7488K, reserved 1048576K
}
Event: 1390.536 GC heap after
{Heap after GC invocations=135 (full 116):
 garbage-first heap   total 104448K, used 51335K [0x00000000c0000000, 0x0000000100000000)
  region size 1024K, 0 young (0K), 0 survivors (0K)
 Metaspace       used 56450K, committed 57664K, reserved 1114112K
  class space    used 6989K, committed 7488K, reserved 1048576K
}
Event: 1401.560 GC heap before
{Heap before GC invocations=135 (full 116):
 garbage-first heap   total 104448K, used 51335K [0x00000000c0000000, 0x0000000100000000)
  region size 1024K, 1 young (1024K), 0 survivors (0K)
 Metaspace       used 56450K, committed 57664K, reserved 1114112K
  class space    used 6989K, committed 7488K, reserved 1048576K
}

