# JRE version: OpenJDK Runtime Environment Temurin-21.0.5+11 (21.0.5+11) (build 21.0.5+11-LTS)
# Java VM: OpenJDK 64-Bit Server VM Temurin-21.0.5+11 (21.0.5+11-LTS, mixed mode, emulated-client, sharing, tiered, compressed oops, compressed class ptrs, g1 gc, windows-amd64)
GC Precious Log:
 CardTable entry size: 512
 Card Set container configuration: InlinePtr #cards 5 size 8 Array Of Cards #cards 12 size 40 Howl #buckets 4 coarsen threshold 1843 Howl Bitmap #cards 512 size 80 coarsen threshold 460 Card regions per heap region 1 cards per card region 2048
 CPUs: 4 total, 4 available
 Memory: 6086M
 Large Page Support: Disabled
 NUMA Support: Disabled
 Compressed Oops: Enabled (32-bit)
 Heap Region Size: 1M
 Heap Min Capacity: 8M
 Heap Initial Capacity: 96M
 Heap Max Capacity: 1G
 Pre-touch: Disabled
 Parallel Workers: 4
 Concurrent Workers: 1
 Concurrent Refinement Workers: 4
 Periodic GC: Disabled
Heap:
 garbage-first heap   total 99328K, used 46492K [0x00000000c0000000, 0x0000000100000000)
  region size 1024K, 1 young (1024K), 0 survivors (0K)
 Metaspace       used 57430K, committed 58240K, reserved 1114112K
  class space    used 7136K, committed 7488K, reserved 1048576K
GC Heap History (20 events):
Event: 4966.097 GC heap after
{Heap after GC invocations=374 (full 335):
 garbage-first heap   total 99328K, used 46492K [0x00000000c0000000, 0x0000000100000000)
  region size 1024K, 0 young (0K), 0 survivors (0K)
 Metaspace       used 57430K, committed 58240K, reserved 1114112K
  class space    used 7136K, committed 7488K, reserved 1048576K
}
Event: 4976.395 GC heap before
{Heap before GC invocations=374 (full 335):
 garbage-first heap   total 99328K, used 46492K [0x00000000c0000000, 0x0000000100000000)
  region size 1024K, 1 young (1024K), 0 survivors (0K)
 Metaspace       used 57430K, committed 58240K, reserved 1114112K
  class space    used 7136K, committed 7488K, reserved 1048576K
}
Event: 4976.474 GC heap after
{Heap after GC invocations=375 (full 336):
 garbage-first heap   total 99328K, used 46492K [0x00000000c0000000, 0x0000000100000000)
  region size 1024K, 0 young (0K), 0 survivors (0K)
 Metaspace       used 57430K, committed 58240K, reserved 1114112K
  class space    used 7136K, committed 7488K, reserved 1048576K
}
Event: 4986.918 GC heap before
{Heap before GC invocations=375 (full 336):
 garbage-first heap   total 99328K, used 46492K [0x00000000c0000000, 0x0000000100000000)
  region size 1024K, 1 young (1024K), 0 survivors (0K)
 Metaspace       used 57430K, committed 58240K, reserved 1114112K
  class space    used 7136K, committed 7488K, reserved 1048576K
}
Event: 4987.003 GC heap after
{Heap after GC invocations=376 (full 337):
 garbage-first heap   total 99328K, used 46492K [0x00000000c0000000, 0x0000000100000000)
  region size 1024K, 0 young (0K), 0 survivors (0K)
 Metaspace       used 57430K, committed 58240K, reserved 1114112K
  class space    used 7136K, committed 7488K, reserved 1048576K
}
Event: 4997.275 GC heap before
{Heap before GC invocations=376 (full 337):
 garbage-first heap   total 99328K, used 46492K [0x00000000c0000000, 0x0000000100000000)
  region size 1024K, 1 young (1024K), 0 survivors (0K)
 Metaspace       used 57430K, committed 58240K, reserved 1114112K
  class space    used 7136K, committed 7488K, reserved 1048576K
}
Event: 4997.357 GC heap after
{Heap after GC invocations=377 (full 338):
 garbage-first heap   total 99328K, used 46492K [0x00000000c0000000, 0x0000000100000000)
  region size 1024K, 0 young (0K), 0 survivors (0K)
 Metaspace       used 57430K, committed 58240K, reserved 1114112K
  class space    used 7136K, committed 7488K, reserved 1048576K
}
Event: 5007.978 GC heap before
{Heap before GC invocations=377 (full 338):
 garbage-first heap   total 99328K, used 46492K [0x00000000c0000000, 0x0000000100000000)
  region size 1024K, 1 young (1024K), 0 survivors (0K)
 Metaspace       used 57430K, committed 58240K, reserved 1114112K
  class space    used 7136K, committed 7488K, reserved 1048576K
}
Event: 5008.059 GC heap after
{Heap after GC invocations=378 (full 339):
 garbage-first heap   total 99328K, used 46492K [0x00000000c0000000, 0x0000000100000000)
  region size 1024K, 0 young (0K), 0 survivors (0K)
 Metaspace       used 57430K, committed 58240K, reserved 1114112K
  class space    used 7136K, committed 7488K, reserved 1048576K
}
Event: 5018.912 GC heap before
{Heap before GC invocations=378 (full 339):
 garbage-first heap   total 99328K, used 46492K [0x00000000c0000000, 0x0000000100000000)
  region size 1024K, 1 young (1024K), 0 survivors (0K)
 Metaspace       used 57430K, committed 58240K, reserved 1114112K
  class space    used 7136K, committed 7488K, reserved 1048576K
}
Event: 5018.991 GC heap after
{Heap after GC invocations=379 (full 340):
 garbage-first heap   total 99328K, used 46492K [0x00000000c0000000, 0x0000000100000000)
  region size 1024K, 0 young (0K), 0 survivors (0K)
 Metaspace       used 57430K, committed 58240K, reserved 1114112K
  class space    used 7136K, committed 7488K, reserved 1048576K
}
Event: 5029.348 GC heap before
{Heap before GC invocations=379 (full 340):
 garbage-first heap   total 99328K, used 46492K [0x00000000c0000000, 0x0000000100000000)
  region size 1024K, 1 young (1024K), 0 survivors (0K)
 Metaspace       used 57430K, committed 58240K, reserved 1114112K
  class space    used 7136K, committed 7488K, reserved 1048576K
}
Event: 5029.423 GC heap after
{Heap after GC invocations=380 (full 341):
 garbage-first heap   total 99328K, used 46492K [0x00000000c0000000, 0x0000000100000000)
  region size 1024K, 0 young (0K), 0 survivors (0K)
 Metaspace       used 57430K, committed 58240K, reserved 1114112K
  class space    used 7136K, committed 7488K, reserved 1048576K
}
Event: 5039.881 GC heap before
{Heap before GC invocations=380 (full 341):
 garbage-first heap   total 99328K, used 46492K [0x00000000c0000000, 0x0000000100000000)
  region size 1024K, 1 young (1024K), 0 survivors (0K)
 Metaspace       used 57430K, committed 58240K, reserved 1114112K
  class space    used 7136K, committed 7488K, reserved 1048576K
}
Event: 5039.958 GC heap after
{Heap after GC invocations=381 (full 342):
 garbage-first heap   total 99328K, used 46492K [0x00000000c0000000, 0x0000000100000000)
  region size 1024K, 0 young (0K), 0 survivors (0K)
 Metaspace       used 57430K, committed 58240K, reserved 1114112K
  class space    used 7136K, committed 7488K, reserved 1048576K
}
Event: 5050.363 GC heap before
{Heap before GC invocations=381 (full 342):
 garbage-first heap   total 99328K, used 46492K [0x00000000c0000000, 0x0000000100000000)
  region size 1024K, 1 young (1024K), 0 survivors (0K)
 Metaspace       used 57430K, committed 58240K, reserved 1114112K
  class space    used 7136K, committed 7488K, reserved 1048576K
}
Event: 5050.438 GC heap after
{Heap after GC invocations=382 (full 343):
 garbage-first heap   total 99328K, used 46492K [0x00000000c0000000, 0x0000000100000000)
  region size 1024K, 0 young (0K), 0 survivors (0K)
 Metaspace       used 57430K, committed 58240K, reserved 1114112K
  class space    used 7136K, committed 7488K, reserved 1048576K
}
Event: 5060.790 GC heap before
{Heap before GC invocations=382 (full 343):
 garbage-first heap   total 99328K, used 46492K [0x00000000c0000000, 0x0000000100000000)
  region size 1024K, 1 young (1024K), 0 survivors (0K)
 Metaspace       used 57430K, committed 58240K, reserved 1114112K
  class space    used 7136K, committed 7488K, reserved 1048576K
}
Event: 5060.877 GC heap after
{Heap after GC invocations=383 (full 344):
 garbage-first heap   total 99328K, used 46492K [0x00000000c0000000, 0x0000000100000000)
  region size 1024K, 0 young (0K), 0 survivors (0K)
 Metaspace       used 57430K, committed 58240K, reserved 1114112K
  class space    used 7136K, committed 7488K, reserved 1048576K
}
Event: 5071.278 GC heap before
{Heap before GC invocations=383 (full 344):
 garbage-first heap   total 99328K, used 46492K [0x00000000c0000000, 0x0000000100000000)
  region size 1024K, 1 young (1024K), 0 survivors (0K)
 Metaspace       used 57430K, committed 58240K, reserved 1114112K
  class space    used 7136K, committed 7488K, reserved 1048576K
}

