# JRE version: OpenJDK Runtime Environment Temurin-21.0.5+11 (21.0.5+11) (build 21.0.5+11-LTS)
# Java VM: OpenJDK 64-Bit Server VM Temurin-21.0.5+11 (21.0.5+11-LTS, mixed mode, emulated-client, sharing, tiered, compressed oops, compressed class ptrs, g1 gc, windows-amd64)
GC Precious Log:
 CardTable entry size: 512
 Card Set container configuration: InlinePtr #cards 5 size 8 Array Of Cards #cards 12 size 40 Howl #buckets 4 coarsen threshold 1843 Howl Bitmap #cards 512 size 80 coarsen threshold 460 Card regions per heap region 1 cards per card region 2048
 CPUs: 4 total, 4 available
 Memory: 6086M
 Large Page Support: Disabled
 NUMA Support: Disabled
 Compressed Oops: Enabled (32-bit)
 Heap Region Size: 1M
 Heap Min Capacity: 8M
 Heap Initial Capacity: 96M
 Heap Max Capacity: 1G
 Pre-touch: Disabled
 Parallel Workers: 4
 Concurrent Workers: 1
 Concurrent Refinement Workers: 4
 Periodic GC: Disabled
Heap:
 garbage-first heap   total 104448K, used 48652K [0x00000000c0000000, 0x0000000100000000)
  region size 1024K, 1 young (1024K), 0 survivors (0K)
 Metaspace       used 59603K, committed 60416K, reserved 1114112K
  class space    used 7604K, committed 8000K, reserved 1048576K
GC Heap History (20 events):
Event: 6211.910 GC heap after
{Heap after GC invocations=448 (full 294):
 garbage-first heap   total 104448K, used 55702K [0x00000000c0000000, 0x0000000100000000)
  region size 1024K, 5 young (5120K), 5 survivors (5120K)
 Metaspace       used 59701K, committed 60416K, reserved 1114112K
  class space    used 7630K, committed 8000K, reserved 1048576K
}
Event: 6256.197 GC heap before
{Heap before GC invocations=449 (full 294):
 garbage-first heap   total 104448K, used 86422K [0x00000000c0000000, 0x0000000100000000)
  region size 1024K, 36 young (36864K), 5 survivors (5120K)
 Metaspace       used 59758K, committed 60544K, reserved 1114112K
  class space    used 7644K, committed 8064K, reserved 1048576K
}
Event: 6257.279 GC heap after
{Heap after GC invocations=450 (full 295):
 garbage-first heap   total 104448K, used 49789K [0x00000000c0000000, 0x0000000100000000)
  region size 1024K, 0 young (0K), 0 survivors (0K)
 Metaspace       used 59712K, committed 60544K, reserved 1114112K
  class space    used 7632K, committed 8064K, reserved 1048576K
}
Event: 6267.995 GC heap before
{Heap before GC invocations=450 (full 295):
 garbage-first heap   total 104448K, used 49789K [0x00000000c0000000, 0x0000000100000000)
  region size 1024K, 1 young (1024K), 0 survivors (0K)
 Metaspace       used 59712K, committed 60544K, reserved 1114112K
  class space    used 7632K, committed 8064K, reserved 1048576K
}
Event: 6268.164 GC heap after
{Heap after GC invocations=451 (full 296):
 garbage-first heap   total 104448K, used 49728K [0x00000000c0000000, 0x0000000100000000)
  region size 1024K, 0 young (0K), 0 survivors (0K)
 Metaspace       used 59712K, committed 60544K, reserved 1114112K
  class space    used 7632K, committed 8064K, reserved 1048576K
}
Event: 6278.511 GC heap before
{Heap before GC invocations=451 (full 296):
 garbage-first heap   total 104448K, used 49728K [0x00000000c0000000, 0x0000000100000000)
  region size 1024K, 1 young (1024K), 0 survivors (0K)
 Metaspace       used 59712K, committed 60544K, reserved 1114112K
  class space    used 7632K, committed 8064K, reserved 1048576K
}
Event: 6278.606 GC heap after
{Heap after GC invocations=452 (full 297):
 garbage-first heap   total 104448K, used 48653K [0x00000000c0000000, 0x0000000100000000)
  region size 1024K, 0 young (0K), 0 survivors (0K)
 Metaspace       used 59603K, committed 60416K, reserved 1114112K
  class space    used 7604K, committed 8000K, reserved 1048576K
}
Event: 6289.189 GC heap before
{Heap before GC invocations=452 (full 297):
 garbage-first heap   total 104448K, used 48653K [0x00000000c0000000, 0x0000000100000000)
  region size 1024K, 1 young (1024K), 0 survivors (0K)
 Metaspace       used 59603K, committed 60416K, reserved 1114112K
  class space    used 7604K, committed 8000K, reserved 1048576K
}
Event: 6289.318 GC heap after
{Heap after GC invocations=453 (full 298):
 garbage-first heap   total 104448K, used 48652K [0x00000000c0000000, 0x0000000100000000)
  region size 1024K, 0 young (0K), 0 survivors (0K)
 Metaspace       used 59603K, committed 60416K, reserved 1114112K
  class space    used 7604K, committed 8000K, reserved 1048576K
}
Event: 6300.312 GC heap before
{Heap before GC invocations=453 (full 298):
 garbage-first heap   total 104448K, used 48652K [0x00000000c0000000, 0x0000000100000000)
  region size 1024K, 1 young (1024K), 0 survivors (0K)
 Metaspace       used 59603K, committed 60416K, reserved 1114112K
  class space    used 7604K, committed 8000K, reserved 1048576K
}
Event: 6300.446 GC heap after
{Heap after GC invocations=454 (full 299):
 garbage-first heap   total 104448K, used 48652K [0x00000000c0000000, 0x0000000100000000)
  region size 1024K, 0 young (0K), 0 survivors (0K)
 Metaspace       used 59603K, committed 60416K, reserved 1114112K
  class space    used 7604K, committed 8000K, reserved 1048576K
}
Event: 6311.071 GC heap before
{Heap before GC invocations=454 (full 299):
 garbage-first heap   total 104448K, used 48652K [0x00000000c0000000, 0x0000000100000000)
  region size 1024K, 1 young (1024K), 0 survivors (0K)
 Metaspace       used 59603K, committed 60416K, reserved 1114112K
  class space    used 7604K, committed 8000K, reserved 1048576K
}
Event: 6311.175 GC heap after
{Heap after GC invocations=455 (full 300):
 garbage-first heap   total 104448K, used 48652K [0x00000000c0000000, 0x0000000100000000)
  region size 1024K, 0 young (0K), 0 survivors (0K)
 Metaspace       used 59603K, committed 60416K, reserved 1114112K
  class space    used 7604K, committed 8000K, reserved 1048576K
}
Event: 6321.646 GC heap before
{Heap before GC invocations=455 (full 300):
 garbage-first heap   total 104448K, used 48652K [0x00000000c0000000, 0x0000000100000000)
  region size 1024K, 1 young (1024K), 0 survivors (0K)
 Metaspace       used 59603K, committed 60416K, reserved 1114112K
  class space    used 7604K, committed 8000K, reserved 1048576K
}
Event: 6321.761 GC heap after
{Heap after GC invocations=456 (full 301):
 garbage-first heap   total 104448K, used 48652K [0x00000000c0000000, 0x0000000100000000)
  region size 1024K, 0 young (0K), 0 survivors (0K)
 Metaspace       used 59603K, committed 60416K, reserved 1114112K
  class space    used 7604K, committed 8000K, reserved 1048576K
}
Event: 6332.177 GC heap before
{Heap before GC invocations=456 (full 301):
 garbage-first heap   total 104448K, used 48652K [0x00000000c0000000, 0x0000000100000000)
  region size 1024K, 1 young (1024K), 0 survivors (0K)
 Metaspace       used 59603K, committed 60416K, reserved 1114112K
  class space    used 7604K, committed 8000K, reserved 1048576K
}
Event: 6332.282 GC heap after
{Heap after GC invocations=457 (full 302):
 garbage-first heap   total 104448K, used 48652K [0x00000000c0000000, 0x0000000100000000)
  region size 1024K, 0 young (0K), 0 survivors (0K)
 Metaspace       used 59603K, committed 60416K, reserved 1114112K
  class space    used 7604K, committed 8000K, reserved 1048576K
}
Event: 6343.185 GC heap before
{Heap before GC invocations=457 (full 302):
 garbage-first heap   total 104448K, used 48652K [0x00000000c0000000, 0x0000000100000000)
  region size 1024K, 1 young (1024K), 0 survivors (0K)
 Metaspace       used 59603K, committed 60416K, reserved 1114112K
  class space    used 7604K, committed 8000K, reserved 1048576K
}
Event: 6343.292 GC heap after
{Heap after GC invocations=458 (full 303):
 garbage-first heap   total 104448K, used 48652K [0x00000000c0000000, 0x0000000100000000)
  region size 1024K, 0 young (0K), 0 survivors (0K)
 Metaspace       used 59603K, committed 60416K, reserved 1114112K
  class space    used 7604K, committed 8000K, reserved 1048576K
}
Event: 6355.533 GC heap before
{Heap before GC invocations=458 (full 303):
 garbage-first heap   total 104448K, used 48652K [0x00000000c0000000, 0x0000000100000000)
  region size 1024K, 1 young (1024K), 0 survivors (0K)
 Metaspace       used 59603K, committed 60416K, reserved 1114112K
  class space    used 7604K, committed 8000K, reserved 1048576K
}

